<?xml version="1.0" encoding="UTF-8"?>
<!-- Generated by org.testng.reporters.JUnitXMLReporter -->
<testsuite ignored="0" hostname="DESKTOP-EPBCDV0" failures="1" tests="2" name="RESTassuredProject1" time="2.34" errors="0" timestamp="2021-09-15T19:00:22 AEST">
  <testcase classname="APITest" name="test1" time="1.949">
    <failure type="java.lang.AssertionError" message="expected [205] but found [200]">
      <![CDATA[java.lang.AssertionError: expected [205] but found [200]
at APITest.test1(APITest.java:19)
at java.base/java.util.ArrayList.forEach(ArrayList.java:1511)
at com.intellij.rt.testng.IDEARemoteTestNG.run(IDEARemoteTestNG.java:66)
at com.intellij.rt.testng.RemoteTestNGStarter.main(RemoteTestNGStarter.java:109)
... Removed 30 stack frames]]>
    </failure>
  </testcase> <!-- test1 -->
  <testcase classname="APITest" name="test2" time="0.358"/>
</testsuite> <!-- RESTassuredProject1 -->
